{"/Users/seewater/github_new/cs_fast_page/fastpage/__test__/config.file.test/c.f.t.js": {"path":"/Users/seewater/github_new/cs_fast_page/fastpage/__test__/config.file.test/c.f.t.js","statementMap":{"0":{"start":{"line":1,"column":10},"end":{"line":1,"column":41}},"1":{"start":{"line":3,"column":0},"end":{"line":11,"column":2}},"2":{"start":{"line":4,"column":4},"end":{"line":9,"column":5}},"3":{"start":{"line":5,"column":8},"end":{"line":5,"column":28}},"4":{"start":{"line":7,"column":8},"end":{"line":7,"column":23}},"5":{"start":{"line":8,"column":8},"end":{"line":8,"column":21}},"6":{"start":{"line":10,"column":4},"end":{"line":10,"column":16}}},"fnMap":{"0":{"name":"(anonymous_0)","decl":{"start":{"line":3,"column":17},"end":{"line":3,"column":18}},"loc":{"start":{"line":3,"column":38},"end":{"line":11,"column":1}},"line":3}},"branchMap":{},"s":{"0":1,"1":1,"2":3,"3":3,"4":2,"5":2,"6":1},"f":{"0":3},"b":{},"_coverageSchema":"332fd63041d2c1bcb487cc26dd0d5f7d97098a6c","hash":"060b7598eedab76d4f22bdfef1a93d4055564bc5"}
,"/Users/seewater/github_new/cs_fast_page/fastpage/__test__/config.file.test/fixtures/fastpage.config.1.js": {"path":"/Users/seewater/github_new/cs_fast_page/fastpage/__test__/config.file.test/fixtures/fastpage.config.1.js","statementMap":{"0":{"start":{"line":1,"column":0},"end":{"line":1,"column":21}}},"fnMap":{},"branchMap":{},"s":{"0":1},"f":{},"b":{},"_coverageSchema":"332fd63041d2c1bcb487cc26dd0d5f7d97098a6c","hash":"2360233bb8b52d2524fc23de0e738b35d3d3180a"}
,"/Users/seewater/github_new/cs_fast_page/fastpage/__test__/config.file.test/fixtures/fastpage.config.js": {"path":"/Users/seewater/github_new/cs_fast_page/fastpage/__test__/config.file.test/fixtures/fastpage.config.js","statementMap":{"0":{"start":{"line":1,"column":13},"end":{"line":21,"column":1}},"1":{"start":{"line":23,"column":0},"end":{"line":23,"column":24}}},"fnMap":{},"branchMap":{},"s":{"0":1,"1":1},"f":{},"b":{},"_coverageSchema":"332fd63041d2c1bcb487cc26dd0d5f7d97098a6c","hash":"57a06cab8a3caa71ee392f07f5619d3e6643e9bb"}
,"/Users/seewater/github_new/cs_fast_page/fastpage/lib/util/log.js": {"path":"/Users/seewater/github_new/cs_fast_page/fastpage/lib/util/log.js","statementMap":{"0":{"start":{"line":3,"column":12},"end":{"line":3,"column":28}},"1":{"start":{"line":5,"column":10},"end":{"line":28,"column":1}},"2":{"start":{"line":7,"column":8},"end":{"line":7,"column":52}},"3":{"start":{"line":10,"column":8},"end":{"line":10,"column":50}},"4":{"start":{"line":13,"column":8},"end":{"line":13,"column":49}},"5":{"start":{"line":16,"column":8},"end":{"line":16,"column":47}},"6":{"start":{"line":19,"column":8},"end":{"line":19,"column":26}},"7":{"start":{"line":20,"column":8},"end":{"line":22,"column":9}},"8":{"start":{"line":21,"column":12},"end":{"line":21,"column":37}},"9":{"start":{"line":23,"column":8},"end":{"line":23,"column":25}},"10":{"start":{"line":26,"column":8},"end":{"line":26,"column":76}},"11":{"start":{"line":30,"column":0},"end":{"line":30,"column":21}}},"fnMap":{"0":{"name":"(anonymous_0)","decl":{"start":{"line":6,"column":8},"end":{"line":6,"column":9}},"loc":{"start":{"line":6,"column":22},"end":{"line":8,"column":5}},"line":6},"1":{"name":"(anonymous_1)","decl":{"start":{"line":9,"column":11},"end":{"line":9,"column":12}},"loc":{"start":{"line":9,"column":25},"end":{"line":11,"column":5}},"line":9},"2":{"name":"(anonymous_2)","decl":{"start":{"line":12,"column":10},"end":{"line":12,"column":11}},"loc":{"start":{"line":12,"column":24},"end":{"line":14,"column":5}},"line":12},"3":{"name":"(anonymous_3)","decl":{"start":{"line":15,"column":10},"end":{"line":15,"column":11}},"loc":{"start":{"line":15,"column":24},"end":{"line":17,"column":5}},"line":15},"4":{"name":"(anonymous_4)","decl":{"start":{"line":18,"column":10},"end":{"line":18,"column":11}},"loc":{"start":{"line":18,"column":30},"end":{"line":24,"column":5}},"line":18},"5":{"name":"(anonymous_5)","decl":{"start":{"line":25,"column":10},"end":{"line":25,"column":11}},"loc":{"start":{"line":25,"column":24},"end":{"line":27,"column":5}},"line":25}},"branchMap":{"0":{"loc":{"start":{"line":19,"column":15},"end":{"line":19,"column":25}},"type":"binary-expr","locations":[{"start":{"line":19,"column":15},"end":{"line":19,"column":19}},{"start":{"line":19,"column":23},"end":{"line":19,"column":25}}],"line":19},"1":{"loc":{"start":{"line":20,"column":8},"end":{"line":22,"column":9}},"type":"if","locations":[{"start":{"line":20,"column":8},"end":{"line":22,"column":9}},{"start":{"line":20,"column":8},"end":{"line":22,"column":9}}],"line":20}},"s":{"0":1,"1":1,"2":0,"3":2,"4":0,"5":0,"6":0,"7":0,"8":0,"9":0,"10":0,"11":1},"f":{"0":0,"1":2,"2":0,"3":0,"4":0,"5":0},"b":{"0":[0,0],"1":[0,0]},"_coverageSchema":"332fd63041d2c1bcb487cc26dd0d5f7d97098a6c","hash":"4d5b6a2847add88415033547ed426f148c49317e"}
}
